<?xml version="1.0" encoding="UTF-8"?>
<!-- Generated by org.testng.reporters.JUnitXMLReporter -->
<testsuite hostname="KetanPopat-PC" name="Default test" tests="4" failures="0" timestamp="24 Jul 2019 19:50:32 GMT" time="14.521" errors="0">
  <testcase name="HomePageNavigation" time="5.123" classname="com.gre2eproject.HomePage"/>
  <testcase name="clickLogin" time="0.388" classname="com.gre2eproject.HomePage"/>
  <testcase name="getImageSrc" time="0.163" classname="com.gre2eproject.HomePage"/>
  <testcase name="getTitle" time="0.833" classname="com.gre2eproject.HomePage"/>
</testsuite> <!-- Default test -->
