<?xml version="1.0" encoding="UTF-8"?>
<testng-results skipped="0" failed="0" total="4" passed="4">
  <reporter-output>
  </reporter-output>
  <suite name="Default suite" duration-ms="14521" started-at="2019-07-24T19:50:17Z" finished-at="2019-07-24T19:50:32Z">
    <groups>
    </groups>
    <test name="Default test" duration-ms="14521" started-at="2019-07-24T19:50:17Z" finished-at="2019-07-24T19:50:32Z">
      <class name="com.gre2eproject.HomePage">
        <test-method status="PASS" signature="initialize()[pri:0, instance:com.gre2eproject.HomePage@4439f31e]" name="initialize" is-config="true" duration-ms="5577" started-at="2019-07-24T15:50:17Z" finished-at="2019-07-24T15:50:23Z">
          <reporter-output>
          </reporter-output>
        </test-method> <!-- initialize -->
        <test-method status="PASS" signature="HomePageNavigation()[pri:0, instance:com.gre2eproject.HomePage@4439f31e]" name="HomePageNavigation" duration-ms="5123" started-at="2019-07-24T15:50:23Z" finished-at="2019-07-24T15:50:28Z">
          <reporter-output>
          </reporter-output>
        </test-method> <!-- HomePageNavigation -->
        <test-method status="PASS" signature="clickLogin()[pri:0, instance:com.gre2eproject.HomePage@4439f31e]" name="clickLogin" duration-ms="388" started-at="2019-07-24T15:50:28Z" finished-at="2019-07-24T15:50:28Z">
          <reporter-output>
          </reporter-output>
        </test-method> <!-- clickLogin -->
        <test-method status="PASS" signature="getImageSrc()[pri:0, instance:com.gre2eproject.HomePage@4439f31e]" name="getImageSrc" duration-ms="163" started-at="2019-07-24T15:50:28Z" finished-at="2019-07-24T15:50:28Z">
          <reporter-output>
          </reporter-output>
        </test-method> <!-- getImageSrc -->
        <test-method status="PASS" signature="getTitle()[pri:0, instance:com.gre2eproject.HomePage@4439f31e]" name="getTitle" duration-ms="833" started-at="2019-07-24T15:50:28Z" finished-at="2019-07-24T15:50:29Z">
          <reporter-output>
          </reporter-output>
        </test-method> <!-- getTitle -->
        <test-method status="PASS" signature="teardown()[pri:0, instance:com.gre2eproject.HomePage@4439f31e]" name="teardown" is-config="true" duration-ms="2377" started-at="2019-07-24T15:50:29Z" finished-at="2019-07-24T15:50:32Z">
          <reporter-output>
          </reporter-output>
        </test-method> <!-- teardown -->
      </class> <!-- com.gre2eproject.HomePage -->
    </test> <!-- Default test -->
  </suite> <!-- Default suite -->
</testng-results>
